<?xml version="1.0" encoding="UTF-8"?>
<testsuite name="hello.Tester" tests="1" skipped="0" failures="0" errors="0" timestamp="2020-08-03T16:17:50" hostname="LAPTOP-PN5JAMBO" time="0.002">
  <properties/>
  <testcase name="GreeterTest" classname="hello.Tester" time="0.002"/>
  <system-out><![CDATA[]]></system-out>
  <system-err><![CDATA[]]></system-err>
</testsuite>
